Car-rental system using simlib

Mean interarrival time at location 1      4.286 minutes

Mean interarrival time at location 2      6.000 minutes

Mean interarrival time at location 3      2.500 minutes

Unloading time is distributed uniformly between 0.267 minutes and 0.400 minutes

Loading time is distributed uniformly between 0.250 minutes and 0.417 minutes

Person want to go to terminal 1 with probability 0.583

Person want to go to terminal 2 with probability 0.417


Time simulation                        4800     minutes

(a) Average and maximum number in each queue 
     1. Terminal 1:
       -Average: 7.955
       -Maximum: 28.000
     2. Terminal 2:
       -Average: 5.070
       -Maximum: 18.000
     3. Car Rental:
       -Average: 9.974
       -Maximum: 32.000
(b) Average and maximum delay in each queue 
     1. Terminal 1:
       -Average: 2030.458
       -Maximum: 5887.295
     2. Terminal 2:
       -Average: 1854.168
       -Maximum: 8371.863
     3. Car Rental:
       -Average: 1549.652
       -Maximum: 4141.842
(c) Average and maximum number on the bus 
     -Average: 13.895
     -Maximum: 20.000
(d) Average, maximum, and minimum time bus stopped at each location 
     1. Terminal 1:
       -Average: 407.574
       -Maximum: 630.712
       -Minimum: 300.000
     2. Terminal 2:
       -Average: 327.122
       -Maximum: 592.650
       -Minimum: 300.000
     3. Car Rental:
       -Average: 682.549
       -Maximum: 855.639
       -Minimum: 300.000
(e) Average, maximum, and minimum time bus making a loop 
     -Average: 2619.959
     -Maximum: 2922.411
     -Minimum: 2133.922
(f) Average, maximum, and minimum time person in the system 
     1. Terminal 1:
      -Average: 2358.468
     -Maximum: 5046.884
     -Minimum: 689.359
     2. Terminal 2:
       -Average: 2891.704
       -Maximum: 5618.079
       -Minimum: 1058.142
     3. Car Rental:
       -Average: 3055.934
       -Maximum: 9315.638
       -Minimum: 843.419
